2025-09-08 00:16:54,284 - INFO - Fish Price Prediction Pipeline Starting...
2025-09-08 00:16:54,285 - INFO - Model Type: random_forest
2025-09-08 00:16:54,285 - INFO - Sequence Length: 14 days
2025-09-08 00:16:54,285 - INFO - Prediction Horizon: 7 day(s)
2025-09-08 00:16:54,337 - INFO - Loaded data with shape: (7339, 38)
2025-09-08 00:16:54,338 - INFO - Preparing datasets...
2025-09-08 00:16:54,339 - INFO - Processing data...
2025-09-08 00:16:54,391 - INFO - Removed 268 rows with all missing targets
2025-09-08 00:16:54,516 - INFO - Feature engineering completed. Total features: 60
2025-09-08 00:16:54,531 - INFO - Data split - Train: 4213, Val: 1449, Test: 1409
2025-09-08 00:16:56,929 - INFO - Created 2093 sequences for train dataset
2025-09-08 00:16:57,700 - INFO - Created 567 sequences for val dataset
2025-09-08 00:16:58,440 - INFO - Created 644 sequences for test dataset
2025-09-08 00:16:58,441 - INFO - Preparing Random Forest features...
2025-09-08 00:16:58,587 - INFO - Random Forest feature shape: (2093, 360)
2025-09-08 00:16:58,588 - INFO - Training Random Forest for avg_ws_price with 2010 samples
2025-09-08 00:17:09,781 - INFO - Training Random Forest for avg_rt_price with 1999 samples
2025-09-08 00:17:22,210 - INFO - Random Forest training completed!
2025-09-08 00:17:22,211 - INFO - Evaluating model performance...
2025-09-08 00:17:22,475 - INFO - Saving pipeline...
2025-09-08 00:17:22,523 - INFO - Pipeline and model saved to fish_price_pipeline_...
2025-09-08 00:17:22,573 - INFO - Removed 268 rows with all missing targets
